Arguments: 
  /Users/kashyapt/.nvm/versions/node/v14.17.0/bin/node /Users/kashyapt/.nvm/versions/node/v14.17.0/bin/yarn install

PATH: 
  /opt/homebrew/bin:/Users/kashyapt/.nvm/versions/node/v14.17.0/bin:/Library/Frameworks/Python.framework/Versions/2.7/bin:/usr/local/bin:/usr/bin:/bin:/usr/sbin:/sbin:/Users/kashyapt/.composer/vendor/bin

Yarn version: 
  1.22.18

Node version: 
  14.17.0

Platform: 
  darwin x64

Trace: 
  Error: https://registry.yarnpkg.com/@mui/icons-material/-/icons-material-5.8.4.tgz: ESOCKETTIMEDOUT
      at ClientRequest.<anonymous> (/Users/kashyapt/.nvm/versions/node/v14.17.0/lib/node_modules/yarn/lib/cli.js:141510:19)
      at Object.onceWrapper (events.js:482:28)
      at ClientRequest.emit (events.js:376:20)
      at TLSSocket.emitRequestTimeout (_http_client.js:790:9)
      at Object.onceWrapper (events.js:482:28)
      at TLSSocket.emit (events.js:388:22)
      at TLSSocket.Socket._onTimeout (net.js:483:8)
      at listOnTimeout (internal/timers.js:555:17)
      at processTimers (internal/timers.js:498:7)

npm manifest: 
  {
    "name": "internationalization",
    "version": "1.0.0",
    "description": "",
    "keywords": [],
    "main": "src/index.js",
    "dependencies": {
      "@emotion/react": "11.9.3",
      "@emotion/styled": "11.9.3",
      "@mui/icons-material": "5.8.4",
      "@mui/material": "5.9.1",
      "i18next": "21.8.14",
      "i18next-browser-languagedetector": "6.1.4",
      "immer": "9.0.15",
      "react": "18.0.0",
      "react-dom": "18.0.0",
      "react-i18next": "11.18.1",
      "react-scripts": "4.0.0"
    },
    "devDependencies": {
      "@babel/runtime": "7.13.8",
      "typescript": "4.1.3"
    },
    "scripts": {
      "start": "react-scripts start",
      "build": "react-scripts build",
      "test": "react-scripts test --env=jsdom",
      "eject": "react-scripts eject"
    },
    "browserslist": [
      ">0.2%",
      "not dead",
      "not ie <= 11",
      "not op_mini all"
    ]
  }

yarn manifest: 
  No manifest

Lockfile: 
  No lockfile
